# JRE version: OpenJDK Runtime Environment Microsoft-11369865 (17.0.15+6) (build 17.0.15+6-LTS)
# Java VM: OpenJDK 64-Bit Server VM Microsoft-11369865 (17.0.15+6-LTS, mixed mode, sharing, tiered, compressed oops, compressed class ptrs, g1 gc, windows-amd64)
GC Precious Log:
 CPUs: 8 total, 8 available
 Memory: 16183M
 Large Page Support: Disabled
 NUMA Support: Disabled
 Compressed Oops: Enabled (32-bit)
 Heap Region Size: 1M
 Heap Min Capacity: 8M
 Heap Initial Capacity: 254M
 Heap Max Capacity: 2G
 Pre-touch: Disabled
 Parallel Workers: 8
 Concurrent Workers: 2
 Concurrent Refinement Workers: 8
 Periodic GC: Disabled
Heap:
 garbage-first heap   total 208896K, used 156148K [0x0000000080000000, 0x0000000100000000)
  region size 1024K, 13 young (13312K), 5 survivors (5120K)
 Metaspace       used 88670K, committed 89600K, reserved 557056K
  class space    used 12292K, committed 12736K, reserved 425984K
GC Heap History (20 events):
Event: 38.665 GC heap before
{Heap before GC invocations=24 (full 0):
 garbage-first heap   total 104448K, used 57315K [0x0000000080000000, 0x0000000100000000)
  region size 1024K, 5 young (5120K), 3 survivors (3072K)
 Metaspace       used 57089K, committed 57664K, reserved 491520K
  class space    used 7958K, committed 8256K, reserved 425984K
}
Event: 38.677 GC heap after
{Heap after GC invocations=25 (full 0):
 garbage-first heap   total 208896K, used 55446K [0x0000000080000000, 0x0000000100000000)
  region size 1024K, 1 young (1024K), 1 survivors (1024K)
 Metaspace       used 57089K, committed 57664K, reserved 491520K
  class space    used 7958K, committed 8256K, reserved 425984K
}
Event: 42.224 GC heap before
{Heap before GC invocations=25 (full 0):
 garbage-first heap   total 208896K, used 149654K [0x0000000080000000, 0x0000000100000000)
  region size 1024K, 93 young (95232K), 1 survivors (1024K)
 Metaspace       used 62364K, committed 62976K, reserved 491520K
  class space    used 8689K, committed 8960K, reserved 425984K
}
Event: 42.250 GC heap after
{Heap after GC invocations=26 (full 0):
 garbage-first heap   total 208896K, used 67158K [0x0000000080000000, 0x0000000100000000)
  region size 1024K, 12 young (12288K), 12 survivors (12288K)
 Metaspace       used 62364K, committed 62976K, reserved 491520K
  class space    used 8689K, committed 8960K, reserved 425984K
}
Event: 45.018 GC heap before
{Heap before GC invocations=26 (full 0):
 garbage-first heap   total 208896K, used 163414K [0x0000000080000000, 0x0000000100000000)
  region size 1024K, 96 young (98304K), 12 survivors (12288K)
 Metaspace       used 68589K, committed 69312K, reserved 491520K
  class space    used 9384K, committed 9728K, reserved 425984K
}
Event: 45.046 GC heap after
{Heap after GC invocations=27 (full 0):
 garbage-first heap   total 208896K, used 87444K [0x0000000080000000, 0x0000000100000000)
  region size 1024K, 12 young (12288K), 12 survivors (12288K)
 Metaspace       used 68589K, committed 69312K, reserved 491520K
  class space    used 9384K, committed 9728K, reserved 425984K
}
Event: 47.402 GC heap before
{Heap before GC invocations=27 (full 0):
 garbage-first heap   total 208896K, used 167316K [0x0000000080000000, 0x0000000100000000)
  region size 1024K, 80 young (81920K), 12 survivors (12288K)
 Metaspace       used 74255K, committed 74880K, reserved 491520K
  class space    used 10135K, committed 10432K, reserved 425984K
}
Event: 47.421 GC heap after
{Heap after GC invocations=28 (full 0):
 garbage-first heap   total 208896K, used 99890K [0x0000000080000000, 0x0000000100000000)
  region size 1024K, 9 young (9216K), 9 survivors (9216K)
 Metaspace       used 74255K, committed 74880K, reserved 491520K
  class space    used 10135K, committed 10432K, reserved 425984K
}
Event: 48.941 GC heap before
{Heap before GC invocations=28 (full 0):
 garbage-first heap   total 208896K, used 161330K [0x0000000080000000, 0x0000000100000000)
  region size 1024K, 68 young (69632K), 9 survivors (9216K)
 Metaspace       used 77205K, committed 77888K, reserved 557056K
  class space    used 10551K, committed 10880K, reserved 425984K
}
Event: 48.956 GC heap after
{Heap after GC invocations=29 (full 0):
 garbage-first heap   total 208896K, used 106250K [0x0000000080000000, 0x0000000100000000)
  region size 1024K, 6 young (6144K), 6 survivors (6144K)
 Metaspace       used 77205K, committed 77888K, reserved 557056K
  class space    used 10551K, committed 10880K, reserved 425984K
}
Event: 51.553 GC heap before
{Heap before GC invocations=29 (full 0):
 garbage-first heap   total 208896K, used 163594K [0x0000000080000000, 0x0000000100000000)
  region size 1024K, 62 young (63488K), 6 survivors (6144K)
 Metaspace       used 82890K, committed 83648K, reserved 557056K
  class space    used 11463K, committed 11776K, reserved 425984K
}
Event: 51.569 GC heap after
{Heap after GC invocations=30 (full 0):
 garbage-first heap   total 208896K, used 110781K [0x0000000080000000, 0x0000000100000000)
  region size 1024K, 5 young (5120K), 5 survivors (5120K)
 Metaspace       used 82890K, committed 83648K, reserved 557056K
  class space    used 11463K, committed 11776K, reserved 425984K
}
Event: 64.788 GC heap before
{Heap before GC invocations=30 (full 0):
 garbage-first heap   total 208896K, used 166077K [0x0000000080000000, 0x0000000100000000)
  region size 1024K, 59 young (60416K), 5 survivors (5120K)
 Metaspace       used 84936K, committed 85632K, reserved 557056K
  class space    used 11796K, committed 12096K, reserved 425984K
}
Event: 64.810 GC heap after
{Heap after GC invocations=31 (full 0):
 garbage-first heap   total 208896K, used 119616K [0x0000000080000000, 0x0000000100000000)
  region size 1024K, 8 young (8192K), 8 survivors (8192K)
 Metaspace       used 84936K, committed 85632K, reserved 557056K
  class space    used 11796K, committed 12096K, reserved 425984K
}
Event: 66.610 GC heap before
{Heap before GC invocations=31 (full 0):
 garbage-first heap   total 208896K, used 173888K [0x0000000080000000, 0x0000000100000000)
  region size 1024K, 56 young (57344K), 8 survivors (8192K)
 Metaspace       used 85430K, committed 86272K, reserved 557056K
  class space    used 11852K, committed 12224K, reserved 425984K
}
Event: 66.623 GC heap after
{Heap after GC invocations=32 (full 0):
 garbage-first heap   total 208896K, used 138490K [0x0000000080000000, 0x0000000100000000)
  region size 1024K, 7 young (7168K), 7 survivors (7168K)
 Metaspace       used 85430K, committed 86272K, reserved 557056K
  class space    used 11852K, committed 12224K, reserved 425984K
}
Event: 72.676 GC heap before
{Heap before GC invocations=32 (full 0):
 garbage-first heap   total 208896K, used 169210K [0x0000000080000000, 0x0000000100000000)
  region size 1024K, 38 young (38912K), 7 survivors (7168K)
 Metaspace       used 87176K, committed 88064K, reserved 557056K
  class space    used 12059K, committed 12480K, reserved 425984K
}
Event: 72.683 GC heap after
{Heap after GC invocations=33 (full 0):
 garbage-first heap   total 208896K, used 144344K [0x0000000080000000, 0x0000000100000000)
  region size 1024K, 5 young (5120K), 5 survivors (5120K)
 Metaspace       used 87176K, committed 88064K, reserved 557056K
  class space    used 12059K, committed 12480K, reserved 425984K
}
Event: 74.894 GC heap before
{Heap before GC invocations=33 (full 0):
 garbage-first heap   total 208896K, used 173016K [0x0000000080000000, 0x0000000100000000)
  region size 1024K, 33 young (33792K), 5 survivors (5120K)
 Metaspace       used 88199K, committed 89024K, reserved 557056K
  class space    used 12219K, committed 12608K, reserved 425984K
}
Event: 74.900 GC heap after
{Heap after GC invocations=34 (full 0):
 garbage-first heap   total 208896K, used 148980K [0x0000000080000000, 0x0000000100000000)
  region size 1024K, 5 young (5120K), 5 survivors (5120K)
 Metaspace       used 88199K, committed 89024K, reserved 557056K
  class space    used 12219K, committed 12608K, reserved 425984K
}

